d:\hr-second=semester=2023\computer graphics\assigment2game\obj\x64\debug\vc143.pdb
d:\hr-second=semester=2023\computer graphics\assigment2game\obj\x64\debug\vc143.idb
d:\hr-second=semester=2023\computer graphics\assigment2game\obj\x64\debug\vector2d.obj
d:\hr-second=semester=2023\computer graphics\assigment2game\obj\x64\debug\transform.obj
d:\hr-second=semester=2023\computer graphics\assigment2game\obj\x64\debug\sdwindow.obj
d:\hr-second=semester=2023\computer graphics\assigment2game\obj\x64\debug\player.obj
d:\hr-second=semester=2023\computer graphics\assigment2game\obj\x64\debug\platforms.obj
d:\hr-second=semester=2023\computer graphics\assigment2game\obj\x64\debug\physics2d.obj
d:\hr-second=semester=2023\computer graphics\assigment2game\obj\x64\debug\mousehandler.obj
d:\hr-second=semester=2023\computer graphics\assigment2game\obj\x64\debug\main.obj
d:\hr-second=semester=2023\computer graphics\assigment2game\obj\x64\debug\gun.obj
d:\hr-second=semester=2023\computer graphics\assigment2game\obj\x64\debug\gizmos.obj
d:\hr-second=semester=2023\computer graphics\assigment2game\obj\x64\debug\floor.obj
d:\hr-second=semester=2023\computer graphics\assigment2game\obj\x64\debug\clocker.obj
d:\hr-second=semester=2023\computer graphics\assigment2game\obj\x64\debug\bullet.obj
d:\hr-second=semester=2023\computer graphics\assigment2game\obj\x64\debug\box.obj
d:\hr-second=semester=2023\computer graphics\assigment2game\obj\x64\debug\game2dopengl.ilk
d:\hr-second=semester=2023\computer graphics\assigment2game\bin\debug\x86_64\game2dopengl.exe
d:\hr-second=semester=2023\computer graphics\assigment2game\bin\debug\x86_64\game2dopengl.pdb
d:\hr-second=semester=2023\computer graphics\assigment2game\obj\x64\debug\game2dopengl.tlog\cl.command.1.tlog
d:\hr-second=semester=2023\computer graphics\assigment2game\obj\x64\debug\game2dopengl.tlog\cl.items.tlog
d:\hr-second=semester=2023\computer graphics\assigment2game\obj\x64\debug\game2dopengl.tlog\cl.read.1.tlog
d:\hr-second=semester=2023\computer graphics\assigment2game\obj\x64\debug\game2dopengl.tlog\cl.write.1.tlog
d:\hr-second=semester=2023\computer graphics\assigment2game\obj\x64\debug\game2dopengl.tlog\link.command.1.tlog
d:\hr-second=semester=2023\computer graphics\assigment2game\obj\x64\debug\game2dopengl.tlog\link.read.1.tlog
d:\hr-second=semester=2023\computer graphics\assigment2game\obj\x64\debug\game2dopengl.tlog\link.write.1.tlog
